Arguments: 
  C:\Program Files\nodejs\node.exe C:\Program Files (x86)\Yarn\bin\yarn.js add express

PATH: 
  C:\Users\Thiago\AppData\Roaming\npm;C:\Program Files\nodejs\;C:\Python27\;C:\Python27\Scripts;C:\ProgramData\Oracle\Java\javapath;C:\WINDOWS\system32;C:\WINDOWS;C:\WINDOWS\System32\Wbem;C:\WINDOWS\System32\WindowsPowerShell\v1.0\;C:\Program Files\Java\jdk1.8.0_131\bin;C:\Python27;C:\WINDOWS\System32\OpenSSH\;C:\Program Files (x86)\Brackets\command;C:\eclipse-jee\projetos\apache-maven-3.5.4\bin;C:\Program Files\Git\cmd;C:\Program Files (x86)\Yarn\bin\;C:\ProgramData\chocolatey\bin;C:\Program Files\nodejs\;C:\Program Files\Java\jdk1.8.0_211\bin;C:\Android\Sdk\emulator;C:\Android\Sdk\tools;C:\Android\Sdk\tools\bin;C:\Android\Sdk\platform-tools;C:\Users\Thiago\AppData\Local\Microsoft\WindowsApps;;C:\Users\Thiago\AppData\Local\Programs\Microsoft VS Code\bin;C:\Users\Thiago\AppData\Local\Yarn\bin;C:\Users\Thiago\AppData\Roaming\npm

Yarn version: 
  1.17.3

Node version: 
  12.17.0

Platform: 
  win32 x64

Trace: 
  Error: getaddrinfo ENOTFOUND registry.yarnpkg.com
      at GetAddrInfoReqWrap.onlookup [as oncomplete] (dns.js:66:26)

npm manifest: 
  {
    "name": "backend",
    "version": "1.0.0",
    "main": "index.js",
    "license": "MIT"
  }

yarn manifest: 
  No manifest

Lockfile: 
  No lockfile
